<?xml version="1.0" encoding="UTF-8"?>
<!-- Generated by org.testng.reporters.JUnitReportReporter -->
<testsuite hostname="INSUPLTQAPT" failures="0" tests="4" name="parameterization.TestDataProvider" time="0.016" errors="0" timestamp="2024-07-21T17:50:58 IST" skipped="0">
  <testcase classname="parameterization.TestDataProvider" name="testLoginData" time="0.002"/>
  <testcase classname="parameterization.TestDataProvider" name="testSignupData" time="0.003"/>
  <testcase classname="parameterization.TestDataProvider" name="testLoginData" time="0.007"/>
  <testcase classname="parameterization.TestDataProvider" name="testSignupData" time="0.004"/>
</testsuite> <!-- parameterization.TestDataProvider -->
