<?xml version="1.0" encoding="UTF-8"?>
<!-- Generated by org.testng.reporters.JUnitReportReporter -->
<testsuite hostname="INSUPLTQAPT" failures="0" tests="2" name="parameterization.ParameterizationFromExcel" time="0.009" errors="0" timestamp="2025-03-27T00:45:27 IST" skipped="0">
  <testcase classname="parameterization.ParameterizationFromExcel" name="testNGExcelParameterization" time="0.006"/>
  <system-out/>
  <testcase classname="parameterization.ParameterizationFromExcel" name="testNGExcelParameterization" time="0.003"/>
  <system-out/>
</testsuite> <!-- parameterization.ParameterizationFromExcel -->
