<?xml version="1.0" encoding="UTF-8"?>
<!-- Generated by org.testng.reporters.JUnitReportReporter -->
<testsuite hostname="INSUPLTQAPT" failures="0" tests="1" name="testngframeworkbasics.Test_Case_5_ForceSkipTest" time="0.000" errors="0" timestamp="2025-03-27T00:23:21 IST" skipped="1">
  <testcase classname="testngframeworkbasics.Test_Case_5_ForceSkipTest" name="skipTest" time="0.000">
    <skipped/>
  </testcase> <!-- skipTest -->
  <system-out>
    <![CDATA[Test case skipped !!]]>
  </system-out>
</testsuite> <!-- testngframeworkbasics.Test_Case_5_ForceSkipTest -->
