<?xml version="1.0" encoding="UTF-8"?>
<!-- Generated by org.testng.reporters.JUnitReportReporter -->
<testsuite hostname="INSUPLTQAPT" failures="0" tests="2" name="parameterization.ParameterizationViaExcel" time="0.013" errors="0" timestamp="2024-07-21T15:48:08 IST" skipped="0">
  <testcase classname="parameterization.ParameterizationViaExcel" name="testNGExcelParameterization" time="0.004"/>
  <testcase classname="parameterization.ParameterizationViaExcel" name="testNGExcelParameterization" time="0.009"/>
</testsuite> <!-- parameterization.ParameterizationViaExcel -->
