<?xml version="1.0" encoding="UTF-8"?>
<!-- Generated by org.testng.reporters.JUnitReportReporter -->
<testsuite hostname="INSUPLTQAPT" failures="0" tests="2" name="parameterization.ParameterizationFromTestNGXML" time="0.016" errors="0" timestamp="2025-03-27T00:30:22 IST" skipped="0">
  <testcase classname="parameterization.ParameterizationFromTestNGXML" name="getEnvAndBrowser" time="0.002"/>
  <system-out/>
  <testcase classname="parameterization.ParameterizationFromTestNGXML" name="getEnvAndBrowser" time="0.014"/>
  <system-out/>
</testsuite> <!-- parameterization.ParameterizationFromTestNGXML -->
