<?xml version="1.0" encoding="UTF-8"?>
<!-- Generated by org.testng.reporters.JUnitReportReporter -->
<testsuite hostname="INSUPLTQAPT" failures="0" tests="4" name="parameterization.TestDataProviderClass" time="0.024" errors="0" timestamp="2025-03-27T00:41:35 IST" skipped="0">
  <testcase classname="parameterization.TestDataProviderClass" name="testLoginData" time="0.019"/>
  <system-out/>
  <testcase classname="parameterization.TestDataProviderClass" name="testSignupData" time="0.001"/>
  <system-out/>
  <testcase classname="parameterization.TestDataProviderClass" name="testLoginData" time="0.001"/>
  <system-out/>
  <testcase classname="parameterization.TestDataProviderClass" name="testSignupData" time="0.003"/>
  <system-out/>
</testsuite> <!-- parameterization.TestDataProviderClass -->
