<?xml version="1.0" encoding="UTF-8"?>
<!-- Generated by org.testng.reporters.JUnitReportReporter -->
<testsuite hostname="INSUPLTQAPT" failures="0" tests="5" name="testcases.AddCustomerTest" time="2.417" errors="0" timestamp="2024-11-18T10:56:58 IST" skipped="0">
  <testcase classname="testcases.AddCustomerTest" name="addCustomer" time="0.674"/>
  <testcase classname="testcases.AddCustomerTest" name="addCustomer" time="0.424"/>
  <testcase classname="testcases.AddCustomerTest" name="addCustomer" time="0.361"/>
  <testcase classname="testcases.AddCustomerTest" name="addCustomer" time="0.588"/>
  <testcase classname="testcases.AddCustomerTest" name="addCustomer" time="0.370"/>
</testsuite> <!-- testcases.AddCustomerTest -->
