<?xml version="1.0" encoding="UTF-8"?>
<!-- Generated by org.testng.reporters.JUnitReportReporter -->
<testsuite hostname="INSUPLTQAPT" failures="0" tests="2" name="testngframeworkadvanced.ParallelExecutionThroughDataProvider" time="2.113" errors="0" timestamp="2024-08-11T19:39:44 IST" skipped="0">
  <testcase classname="testngframeworkadvanced.ParallelExecutionThroughDataProvider" name="testBrowserName" time="1.054"/>
  <testcase classname="testngframeworkadvanced.ParallelExecutionThroughDataProvider" name="testBrowserName" time="1.059"/>
</testsuite> <!-- testngframeworkadvanced.ParallelExecutionThroughDataProvider -->
