<?xml version="1.0" encoding="UTF-8"?>
<!-- Generated by org.testng.reporters.JUnitReportReporter -->
<testsuite hostname="INSUPLTQAPT" failures="0" tests="2" name="parallelexecution.ParallelExecutionThroughXML" time="4.182" errors="0" timestamp="2025-07-08T12:53:39 IST" skipped="0">
  <testcase classname="parallelexecution.ParallelExecutionThroughXML" name="testBrowserName" time="2.091"/>
  <system-out/>
  <testcase classname="parallelexecution.ParallelExecutionThroughXML" name="testBrowserName" time="2.091"/>
  <system-out/>
</testsuite> <!-- parallelexecution.ParallelExecutionThroughXML -->
