<?xml version="1.0" encoding="UTF-8"?>
<!-- Generated by org.testng.reporters.JUnitReportReporter -->
<testsuite hostname="INSUPLTQAPT" failures="0" tests="2" name="parallelexecution.ParallelExecutionThroughDataProvider" time="2.066" errors="0" timestamp="2025-07-08T12:55:12 IST" skipped="0">
  <testcase classname="parallelexecution.ParallelExecutionThroughDataProvider" name="testBrowserName" time="1.033"/>
  <system-out/>
  <testcase classname="parallelexecution.ParallelExecutionThroughDataProvider" name="testBrowserName" time="1.033"/>
  <system-out/>
</testsuite> <!-- parallelexecution.ParallelExecutionThroughDataProvider -->
