<?xml version="1.0" encoding="UTF-8"?>
<!-- Generated by org.testng.reporters.JUnitReportReporter -->
<testsuite hostname="INSUPLTQAPT" failures="0" tests="2" name="parallelexecution.InvocationCountAndThreadPoolSize" time="12.532" errors="0" timestamp="2025-03-29T16:43:50 IST" skipped="0">
  <testcase classname="parallelexecution.InvocationCountAndThreadPoolSize" name="getBrowserTitle" time="5.629"/>
  <system-out/>
  <testcase classname="parallelexecution.InvocationCountAndThreadPoolSize" name="getBrowserTitle" time="6.903"/>
  <system-out/>
</testsuite> <!-- parallelexecution.InvocationCountAndThreadPoolSize -->
