<?xml version="1.0" encoding="UTF-8"?>
<!-- Generated by org.testng.reporters.JUnitReportReporter -->
<testsuite hostname="INSUPLTQAPT" failures="0" tests="2" name="testngframeworkadvanced.ParallelExecutionThroughXML" time="4.214" errors="0" timestamp="2024-08-11T19:40:53 IST" skipped="0">
  <testcase classname="testngframeworkadvanced.ParallelExecutionThroughXML" name="testBrowserName" time="2.073"/>
  <testcase classname="testngframeworkadvanced.ParallelExecutionThroughXML" name="testBrowserName" time="2.141"/>
</testsuite> <!-- testngframeworkadvanced.ParallelExecutionThroughXML -->
