<?xml version="1.0" encoding="UTF-8"?>
<!-- Generated by org.testng.reporters.JUnitReportReporter -->
<testsuite hostname="INSUPLTQAPT" failures="0" tests="2" name="testngframeworkadvanced.InvocationCountAndThreadPoolSize" time="7.893" errors="0" timestamp="2024-08-11T19:35:33 IST" skipped="0">
  <testcase classname="testngframeworkadvanced.InvocationCountAndThreadPoolSize" name="getBrowserTitle" time="4.644"/>
  <testcase classname="testngframeworkadvanced.InvocationCountAndThreadPoolSize" name="getBrowserTitle" time="3.249"/>
</testsuite> <!-- testngframeworkadvanced.InvocationCountAndThreadPoolSize -->
