<?xml version="1.0" encoding="UTF-8"?>
<!-- Generated by org.testng.reporters.JUnitReportReporter -->
<testsuite hostname="INSUPLTQAPT" failures="0" tests="1" name="testcases.BankManagerLoginTest" time="0.215" errors="0" timestamp="2024-11-18T10:56:58 IST" skipped="0">
  <testcase classname="testcases.BankManagerLoginTest" name="bankManagerLogin" time="0.215"/>
</testsuite> <!-- testcases.BankManagerLoginTest -->
