<?xml version="1.0" encoding="UTF-8"?>
<!-- Generated by org.testng.reporters.JUnitReportReporter -->
<testsuite hostname="INSUPLTQAPT" failures="0" tests="1" name="testcases.OpenAccountTest" time="0.562" errors="0" timestamp="2024-11-18T10:56:58 IST" skipped="0">
  <testcase classname="testcases.OpenAccountTest" name="openAccount" time="0.562"/>
</testsuite> <!-- testcases.OpenAccountTest -->
