<?xml version="1.0" encoding="UTF-8"?>
<!-- Generated by org.testng.reporters.JUnitReportReporter -->
<testsuite hostname="INSUPLTQAPT" failures="0" tests="2" name="grid3.ParallelExecutionThroughProvider" time="37.422" errors="0" timestamp="2024-10-02T23:47:03 IST" skipped="0">
  <testcase classname="grid3.ParallelExecutionThroughProvider" name="launchGoogle" time="18.743"/>
  <testcase classname="grid3.ParallelExecutionThroughProvider" name="launchGoogle" time="18.679"/>
</testsuite> <!-- grid3.ParallelExecutionThroughProvider -->
