<?xml version="1.0" encoding="UTF-8"?>
<!-- Generated by org.testng.reporters.JUnitReportReporter -->
<testsuite hostname="INSUPLTQAPT" failures="0" tests="1" name="assignments.AmazonSearch" time="24.810" errors="0" timestamp="2024-10-09T23:31:10 IST" skipped="0">
  <testcase classname="assignments.AmazonSearch" name="searchProduct" time="24.810"/>
</testsuite> <!-- assignments.AmazonSearch -->
