<?xml version="1.0" encoding="UTF-8"?>
<!-- Generated by org.testng.reporters.JUnitReportReporter -->
<testsuite hostname="INSUPLTQAPT" failures="0" tests="3" name="reexecutiononfailure.LoginTest" time="0.018" errors="0" timestamp="2025-03-29T16:52:40 IST" skipped="2">
  <testcase classname="reexecutiononfailure.LoginTest" name="doLogin" time="0.001"/>
  <system-out/>
  <testcase classname="reexecutiononfailure.LoginTest" name="doLogin" time="0.001">
    <skipped/>
  </testcase> <!-- doLogin -->
  <system-out/>
  <testcase classname="reexecutiononfailure.LoginTest" name="doLogin" time="0.016">
    <skipped/>
  </testcase> <!-- doLogin -->
  <system-out/>
</testsuite> <!-- reexecutiononfailure.LoginTest -->
