<?xml version="1.0" encoding="UTF-8"?>
<!-- Generated by org.testng.reporters.JUnitReportReporter -->
<testsuite hostname="INSUPLTQAPT" failures="0" tests="2" name="parallelexecution.ParallelExecutionThroughXML" time="4.157" errors="0" timestamp="2024-07-21T23:35:21 IST" skipped="0">
  <testcase classname="parallelexecution.ParallelExecutionThroughXML" name="testBrowserName" time="2.065"/>
  <testcase classname="parallelexecution.ParallelExecutionThroughXML" name="testBrowserName" time="2.092"/>
</testsuite> <!-- parallelexecution.ParallelExecutionThroughXML -->
