<?xml version="1.0" encoding="UTF-8"?>
<!-- Generated by org.testng.reporters.JUnitReportReporter -->
<testsuite hostname="INSUPLTQAPT" failures="0" tests="2" name="testngframeworkbasics.Test_Case_1_Annotations" time="0.012" errors="0" timestamp="2025-03-27T00:23:21 IST" skipped="0">
  <testcase classname="testngframeworkbasics.Test_Case_1_Annotations" name="doSignUp" time="0.011"/>
  <system-out>
    <![CDATA[<a href="C:\Users\pthakare\Selenium Testing\eclipse-workspace\SeleniumTesting\screenshots\name.png"> Test Evidence</a>]]>
  </system-out>
  <testcase classname="testngframeworkbasics.Test_Case_1_Annotations" name="doLogin" time="0.001"/>
  <system-out>
    <![CDATA[<a href="C:\Users\pthakare\Selenium Testing\eclipse-workspace\SeleniumTesting\screenshots\name.png"> Test Evidence</a>]]>
  </system-out>
</testsuite> <!-- testngframeworkbasics.Test_Case_1_Annotations -->
