<?xml version="1.0" encoding="UTF-8"?>
<!-- Generated by org.testng.reporters.JUnitReportReporter -->
<testsuite hostname="INSUPLTQAPT" failures="0" tests="1" name="testngframework.Test_Case_5_ForceSkipTest" time="0.002" errors="0" timestamp="2024-07-20T01:08:03 IST" skipped="1">
  <testcase classname="testngframework.Test_Case_5_ForceSkipTest" name="skipTest" time="0.002">
    <skipped/>
    <system-out>
      <![CDATA[Test case skipped !!]]>
    </system-out>
  </testcase> <!-- skipTest -->
  <system-out>
    <![CDATA[<a href="C:\Users\pthakare\Selenium Testing\eclipse-workspace\SeleniumTesting\screenshots\name.png"> Test Evidence</a>
<a href="C:\Users\pthakare\Selenium Testing\eclipse-workspace\SeleniumTesting\screenshots\name.png"> Test Evidence</a>
<a href="C:\Users\pthakare\Selenium Testing\eclipse-workspace\SeleniumTesting\screenshots\page.png" target="_blank">Screenshot Captured !!!</a>
<br>
<a href="C:\Users\pthakare\Selenium Testing\eclipse-workspace\SeleniumTesting\screenshots\page.png" target="_blank"><img height=200 width=200 src="C:\Users\pthakare\Selenium Testing\eclipse-workspace\SeleniumTesting\screenshots\page.png"></a>
<a href="C:\Users\pthakare\Selenium Testing\eclipse-workspace\SeleniumTesting\screenshots\page.png" target="_blank">Screenshot Captured !!!</a>
<br>
<a href="C:\Users\pthakare\Selenium Testing\eclipse-workspace\SeleniumTesting\screenshots\page.png" target="_blank"><img height=200 width=200 src="C:\Users\pthakare\Selenium Testing\eclipse-workspace\SeleniumTesting\screenshots\page.png"></a>
<a href="C:\Users\pthakare\Selenium Testing\eclipse-workspace\SeleniumTesting\screenshots\page.png" target="_blank">Screenshot Captured !!!</a>
<br>
<a href="C:\Users\pthakare\Selenium Testing\eclipse-workspace\SeleniumTesting\screenshots\page.png" target="_blank"><img height=200 width=200 src="C:\Users\pthakare\Selenium Testing\eclipse-workspace\SeleniumTesting\screenshots\page.png"></a>
<a href="C:\Users\pthakare\Selenium Testing\eclipse-workspace\SeleniumTesting\screenshots\page.png" target="_blank">Screenshot Captured !!!</a>
<br>
<a href="C:\Users\pthakare\Selenium Testing\eclipse-workspace\SeleniumTesting\screenshots\page.png" target="_blank"><img height=200 width=200 src="C:\Users\pthakare\Selenium Testing\eclipse-workspace\SeleniumTesting\screenshots\page.png"></a>
<a href="C:\Users\pthakare\Selenium Testing\eclipse-workspace\SeleniumTesting\screenshots\page.png" target="_blank">Screenshot Captured !!!</a>
<br>
<a href="C:\Users\pthakare\Selenium Testing\eclipse-workspace\SeleniumTesting\screenshots\page.png" target="_blank"><img height=200 width=200 src="C:\Users\pthakare\Selenium Testing\eclipse-workspace\SeleniumTesting\screenshots\page.png"></a>
<a href="C:\Users\pthakare\Selenium Testing\eclipse-workspace\SeleniumTesting\screenshots\name.png"> Test Evidence</a>
<a href="C:\Users\pthakare\Selenium Testing\eclipse-workspace\SeleniumTesting\screenshots\page.png" target="_blank">Screenshot Captured !!!</a>
<br>
<a href="C:\Users\pthakare\Selenium Testing\eclipse-workspace\SeleniumTesting\screenshots\page.png" target="_blank"><img height=200 width=200 src="C:\Users\pthakare\Selenium Testing\eclipse-workspace\SeleniumTesting\screenshots\page.png"></a>
Test case skipped !!
<a href="C:\Users\pthakare\Selenium Testing\eclipse-workspace\SeleniumTesting\screenshots\name.png"> Test Evidence</a>
Test case skipped !!
<a href="C:\Users\pthakare\Selenium Testing\eclipse-workspace\SeleniumTesting\screenshots\name.png"> Test Evidence</a>
<a href="C:\Users\pthakare\Selenium Testing\eclipse-workspace\SeleniumTesting\screenshots\name.png"> Test Evidence</a>
<a href="C:\Users\pthakare\Selenium Testing\eclipse-workspace\SeleniumTesting\screenshots\page.png" target="_blank">Screenshot Captured !!!</a>
<br>
<a href="C:\Users\pthakare\Selenium Testing\eclipse-workspace\SeleniumTesting\screenshots\page.png" target="_blank"><img height=200 width=200 src="C:\Users\pthakare\Selenium Testing\eclipse-workspace\SeleniumTesting\screenshots\page.png"></a>
<a href="C:\Users\pthakare\Selenium Testing\eclipse-workspace\SeleniumTesting\screenshots\page.png" target="_blank">Screenshot Captured !!!</a>
<br>
<a href="C:\Users\pthakare\Selenium Testing\eclipse-workspace\SeleniumTesting\screenshots\page.png" target="_blank"><img height=200 width=200 src="C:\Users\pthakare\Selenium Testing\eclipse-workspace\SeleniumTesting\screenshots\page.png"></a>
<a href="C:\Users\pthakare\Selenium Testing\eclipse-workspace\SeleniumTesting\screenshots\page.png" target="_blank">Screenshot Captured !!!</a>
<br>
<a href="C:\Users\pthakare\Selenium Testing\eclipse-workspace\SeleniumTesting\screenshots\page.png" target="_blank"><img height=200 width=200 src="C:\Users\pthakare\Selenium Testing\eclipse-workspace\SeleniumTesting\screenshots\page.png"></a>
<a href="C:\Users\pthakare\Selenium Testing\eclipse-workspace\SeleniumTesting\screenshots\page.png" target="_blank">Screenshot Captured !!!</a>
<br>
<a href="C:\Users\pthakare\Selenium Testing\eclipse-workspace\SeleniumTesting\screenshots\page.png" target="_blank"><img height=200 width=200 src="C:\Users\pthakare\Selenium Testing\eclipse-workspace\SeleniumTesting\screenshots\page.png"></a>]]>
  </system-out>
</testsuite> <!-- testngframework.Test_Case_5_ForceSkipTest -->
