<?xml version="1.0" encoding="UTF-8"?>
<!-- Generated by org.testng.reporters.JUnitReportReporter -->
<testsuite hostname="INSUPLTQAPT" failures="0" tests="3" name="parameterization.ParameterizationViaHashTable" time="0.011" errors="0" timestamp="2024-07-21T16:35:27 IST" skipped="0">
  <testcase classname="parameterization.ParameterizationViaHashTable" name="testNGExcelParameterization" time="0.006"/>
  <testcase classname="parameterization.ParameterizationViaHashTable" name="testNGExcelParameterization" time="0.002"/>
  <testcase classname="parameterization.ParameterizationViaHashTable" name="testNGExcelParameterization" time="0.003"/>
</testsuite> <!-- parameterization.ParameterizationViaHashTable -->
