<?xml version="1.0" encoding="UTF-8"?>
<!-- Generated by org.testng.reporters.JUnitReportReporter -->
<testsuite hostname="INSUPLTQAPT" failures="0" tests="3" name="parameterization.ParameterizationExample" time="0.010" errors="0" timestamp="2025-03-27T00:50:48 IST" skipped="0">
  <testcase classname="parameterization.ParameterizationExample" name="doLogin" time="0.001"/>
  <system-out/>
  <testcase classname="parameterization.ParameterizationExample" name="doLogin" time="0.000"/>
  <system-out/>
  <testcase classname="parameterization.ParameterizationExample" name="doLogin" time="0.009"/>
  <system-out/>
</testsuite> <!-- parameterization.ParameterizationExample -->
