<?xml version="1.0" encoding="UTF-8"?>
<!-- Generated by org.testng.reporters.JUnitReportReporter -->
<testsuite hostname="INSUPLTQAPT" failures="0" tests="1" name="assignments.Assignment2" time="4.697" errors="0" timestamp="2025-03-27T00:55:08 IST" skipped="0">
  <testcase classname="assignments.Assignment2" name="selectRandomCheckBoxes" time="4.697"/>
  <system-out/>
</testsuite> <!-- assignments.Assignment2 -->
