<?xml version="1.0" encoding="UTF-8"?>
<!-- Generated by org.testng.reporters.JUnitReportReporter -->
<testsuite hostname="INSUPLTQAPT" failures="0" tests="2" name="parallelexecution.ParallelExecutionThroughDataProvider" time="2.083" errors="0" timestamp="2024-07-21T23:46:31 IST" skipped="0">
  <testcase classname="parallelexecution.ParallelExecutionThroughDataProvider" name="testBrowserName" time="1.033"/>
  <testcase classname="parallelexecution.ParallelExecutionThroughDataProvider" name="testBrowserName" time="1.050"/>
</testsuite> <!-- parallelexecution.ParallelExecutionThroughDataProvider -->
