<?xml version="1.0" encoding="UTF-8"?>
<!-- Generated by org.testng.reporters.JUnitReportReporter -->
<testsuite hostname="INSUPLTQAPT" failures="0" tests="2" name="parallelexecution.InvocationCountAndThreadPoolSize" time="15.599" errors="0" timestamp="2024-07-28T00:19:29 IST" skipped="0">
  <testcase classname="parallelexecution.InvocationCountAndThreadPoolSize" name="getBrowserTitle" time="6.481"/>
  <testcase classname="parallelexecution.InvocationCountAndThreadPoolSize" name="getBrowserTitle" time="9.118"/>
</testsuite> <!-- parallelexecution.InvocationCountAndThreadPoolSize -->
