<?xml version="1.0" encoding="UTF-8"?>
<!-- Generated by org.testng.reporters.JUnitReportReporter -->
<testsuite hostname="INSUPLTQAPT" failures="0" tests="3" name="parameterization.TestParameterization" time="0.013" errors="0" timestamp="2024-07-20T16:11:10 IST" skipped="0">
  <testcase classname="parameterization.TestParameterization" name="doLogin" time="0.002"/>
  <testcase classname="parameterization.TestParameterization" name="doLogin" time="0.004"/>
  <testcase classname="parameterization.TestParameterization" name="doLogin" time="0.007"/>
</testsuite> <!-- parameterization.TestParameterization -->
