<?xml version="1.0" encoding="UTF-8"?>
<!-- Generated by org.testng.reporters.JUnitReportReporter -->
<testsuite hostname="INSUPLTQAPT" failures="0" tests="2" name="testcases.TestCase1" time="0.011" errors="0" timestamp="2024-07-14T21:10:23 IST" skipped="0">
  <testcase classname="testcases.TestCase1" name="doSignUp" time="0.007"/>
  <testcase classname="testcases.TestCase1" name="doLogin" time="0.004"/>
</testsuite> <!-- testcases.TestCase1 -->
