<?xml version="1.0" encoding="UTF-8"?>
<!-- Generated by org.testng.reporters.JUnitReportReporter -->
<testsuite hostname="INSUPLTQAPT" failures="0" tests="2" name="testngframeworkadvanced.ParallelExecutionThroughXML" time="4.120" errors="0" timestamp="2024-07-28T14:23:27 IST" skipped="0">
  <testcase classname="testngframeworkadvanced.ParallelExecutionThroughXML" name="testBrowserName" time="2.060"/>
  <testcase classname="testngframeworkadvanced.ParallelExecutionThroughXML" name="testBrowserName" time="2.060"/>
</testsuite> <!-- testngframeworkadvanced.ParallelExecutionThroughXML -->
