<?xml version="1.0" encoding="UTF-8"?>
<!-- Generated by org.testng.reporters.JUnitReportReporter -->
<testsuite hostname="INSUPLTQAPT" failures="0" tests="1" name="assignments.Assignment3" time="17.924" errors="0" timestamp="2024-07-28T19:22:15 IST" skipped="0">
  <testcase classname="assignments.Assignment3" name="validateProductName" time="17.924"/>
</testsuite> <!-- assignments.Assignment3 -->
