<?xml version="1.0" encoding="UTF-8"?>
<!-- Generated by org.testng.reporters.JUnitReportReporter -->
<testsuite hostname="INSUPLTQAPT" failures="0" tests="2" name="parameterization.DataProviderClass" time="0.013" errors="0" timestamp="2024-07-21T17:09:22 IST" skipped="0">
  <testcase classname="parameterization.DataProviderClass" name="testData" time="0.001"/>
  <testcase classname="parameterization.DataProviderClass" name="testData" time="0.012"/>
</testsuite> <!-- parameterization.DataProviderClass -->
